[ 2016-06-18T15:29:49+08:00 ] 127.0.0.1 /lysskweb/App/
INFO: [ app_init ] --START--
INFO: [ app_init ] --END-- [ RunTime:0.000203s ]
INFO: [ app_begin ] --START--
INFO: Run Behavior\ReadHtmlCache [ RunTime:0.000035s ]
INFO: [ app_begin ] --END-- [ RunTime:0.000075s ]
INFO: [ action_begin ] --START--
INFO: [ action_begin ] --END-- [ RunTime:0.000029s ]
INFO: [ view_begin ] --START--
INFO: [ view_begin ] --END-- [ RunTime:0.000020s ]
INFO: [ view_parse ] --START--
INFO: [ template_filter ] --START--
INFO: Run Behavior\ContentReplace [ RunTime:0.000039s ]
INFO: [ template_filter ] --END-- [ RunTime:0.000096s ]
INFO: Run Behavior\ParseTemplate [ RunTime:0.011984s ]
INFO: [ view_parse ] --END-- [ RunTime:0.012084s ]
INFO: [ view_filter ] --START--
INFO: Run Behavior\WriteHtmlCache [ RunTime:0.000020s ]
INFO: [ view_filter ] --END-- [ RunTime:0.000078s ]
INFO: [ view_end ] --START--
INFO: [ view_end ] --END-- [ RunTime:0.000024s ]
INFO: [ app_end ] --START--
INFO: Run Behavior\ShowPageTrace [ RunTime:0.000041s ]
INFO: [ app_end ] --END-- [ RunTime:0.000093s ]

[ 2016-06-18T15:44:47+08:00 ] 127.0.0.1 /lysskweb/App/index.php
INFO: [ app_init ] --START--
INFO: [ app_init ] --END-- [ RunTime:0.000224s ]
INFO: [ app_begin ] --START--
INFO: Run Behavior\ReadHtmlCache [ RunTime:0.000035s ]
INFO: [ app_begin ] --END-- [ RunTime:0.000076s ]
INFO: [ action_begin ] --START--
INFO: [ action_begin ] --END-- [ RunTime:0.000028s ]
INFO: [ view_begin ] --START--
INFO: [ view_begin ] --END-- [ RunTime:0.000021s ]
INFO: [ view_parse ] --START--
INFO: Run Behavior\ParseTemplate [ RunTime:0.000167s ]
INFO: [ view_parse ] --END-- [ RunTime:0.000211s ]
INFO: [ view_filter ] --START--
INFO: Run Behavior\WriteHtmlCache [ RunTime:0.000008s ]
INFO: [ view_filter ] --END-- [ RunTime:0.000029s ]
INFO: [ view_end ] --START--
INFO: [ view_end ] --END-- [ RunTime:0.000010s ]
INFO: [ app_end ] --START--
INFO: Run Behavior\ShowPageTrace [ RunTime:0.000017s ]
INFO: [ app_end ] --END-- [ RunTime:0.000039s ]

[ 2016-06-18T15:44:55+08:00 ] 127.0.0.1 /lysskweb/App/index.php?s=Admin
INFO: [ app_init ] --START--
INFO: [ app_init ] --END-- [ RunTime:0.000172s ]
INFO: [ app_begin ] --START--
INFO: Run Behavior\ReadHtmlCache [ RunTime:0.000033s ]
INFO: [ app_begin ] --END-- [ RunTime:0.000075s ]

[ 2016-06-18T15:45:20+08:00 ] 127.0.0.1 /lysskweb/App/index.php?s=Admin
INFO: [ app_init ] --START--
INFO: [ app_init ] --END-- [ RunTime:0.000181s ]
INFO: [ app_begin ] --START--
INFO: Run Behavior\ReadHtmlCache [ RunTime:0.000027s ]
INFO: [ app_begin ] --END-- [ RunTime:0.000062s ]

[ 2016-06-18T15:46:02+08:00 ] 127.0.0.1 /lysskweb/App/index.php?s=Admin
INFO: [ app_init ] --START--
INFO: [ app_init ] --END-- [ RunTime:0.000215s ]
INFO: [ app_begin ] --START--
INFO: Run Behavior\ReadHtmlCache [ RunTime:0.000028s ]
INFO: [ app_begin ] --END-- [ RunTime:0.000069s ]
INFO: [ action_begin ] --START--
INFO: [ action_begin ] --END-- [ RunTime:0.000021s ]

[ 2016-06-18T15:46:16+08:00 ] 127.0.0.1 /lysskweb/App/index.php?s=Admin
INFO: [ app_init ] --START--
INFO: [ app_init ] --END-- [ RunTime:0.000174s ]
INFO: [ app_begin ] --START--
INFO: Run Behavior\ReadHtmlCache [ RunTime:0.000023s ]
INFO: [ app_begin ] --END-- [ RunTime:0.000058s ]
INFO: [ action_begin ] --START--
INFO: [ action_begin ] --END-- [ RunTime:0.000017s ]

[ 2016-06-18T15:46:16+08:00 ] 127.0.0.1 /lysskweb/App/index.php?s=/Admin/Login/index.html
INFO: [ app_init ] --START--
INFO: [ app_init ] --END-- [ RunTime:0.000185s ]
INFO: [ path_info ] --START--
INFO: [ path_info ] --END-- [ RunTime:0.000018s ]
INFO: [ app_begin ] --START--
INFO: Run Behavior\ReadHtmlCache [ RunTime:0.000026s ]
INFO: [ app_begin ] --END-- [ RunTime:0.000059s ]
INFO: [ action_begin ] --START--
INFO: [ action_begin ] --END-- [ RunTime:0.000019s ]
INFO: [ view_begin ] --START--
INFO: [ view_begin ] --END-- [ RunTime:0.000026s ]
INFO: [ view_parse ] --START--
INFO: [ template_filter ] --START--
INFO: Run Behavior\ContentReplace [ RunTime:0.000032s ]
INFO: [ template_filter ] --END-- [ RunTime:0.000075s ]
INFO: Run Behavior\ParseTemplate [ RunTime:0.003346s ]
INFO: [ view_parse ] --END-- [ RunTime:0.003387s ]
INFO: [ view_filter ] --START--
INFO: Run Behavior\WriteHtmlCache [ RunTime:0.000007s ]
INFO: [ view_filter ] --END-- [ RunTime:0.000031s ]
INFO: [ view_end ] --START--
INFO: [ view_end ] --END-- [ RunTime:0.000010s ]
INFO: [ app_end ] --START--
INFO: Run Behavior\ShowPageTrace [ RunTime:0.000022s ]
INFO: [ app_end ] --END-- [ RunTime:0.000044s ]

[ 2016-06-18T15:46:29+08:00 ] 127.0.0.1 /lysskweb/App/index.php?s=/Admin/Login/index.html
INFO: [ app_init ] --START--
INFO: [ app_init ] --END-- [ RunTime:0.000259s ]
INFO: [ path_info ] --START--
INFO: [ path_info ] --END-- [ RunTime:0.000021s ]
INFO: [ app_begin ] --START--
INFO: Run Behavior\ReadHtmlCache [ RunTime:0.000026s ]
INFO: [ app_begin ] --END-- [ RunTime:0.000058s ]
INFO: [ action_begin ] --START--
INFO: [ action_begin ] --END-- [ RunTime:0.000018s ]
INFO: [ view_begin ] --START--
INFO: [ view_begin ] --END-- [ RunTime:0.000012s ]
INFO: [ view_parse ] --START--
INFO: [ template_filter ] --START--
INFO: Run Behavior\ContentReplace [ RunTime:0.000042s ]
INFO: [ template_filter ] --END-- [ RunTime:0.000089s ]
INFO: Run Behavior\ParseTemplate [ RunTime:0.011577s ]
INFO: [ view_parse ] --END-- [ RunTime:0.011651s ]
INFO: [ view_filter ] --START--
INFO: Run Behavior\WriteHtmlCache [ RunTime:0.000013s ]
INFO: [ view_filter ] --END-- [ RunTime:0.000045s ]
INFO: [ view_end ] --START--
INFO: [ view_end ] --END-- [ RunTime:0.000012s ]
INFO: [ app_end ] --START--
INFO: Run Behavior\ShowPageTrace [ RunTime:0.000030s ]
INFO: [ app_end ] --END-- [ RunTime:0.000058s ]

[ 2016-06-18T15:47:06+08:00 ] 127.0.0.1 /lysskweb/App/index.php?s=/Admin/Login/index.html
INFO: [ app_init ] --START--
INFO: [ app_init ] --END-- [ RunTime:0.000214s ]
INFO: [ path_info ] --START--
INFO: [ path_info ] --END-- [ RunTime:0.000052s ]
INFO: [ app_begin ] --START--
INFO: Run Behavior\ReadHtmlCache [ RunTime:0.000050s ]
INFO: [ app_begin ] --END-- [ RunTime:0.000310s ]
INFO: [ action_begin ] --START--
INFO: [ action_begin ] --END-- [ RunTime:0.000021s ]
INFO: [ view_begin ] --START--
INFO: [ view_begin ] --END-- [ RunTime:0.000012s ]
INFO: [ view_parse ] --START--
INFO: [ template_filter ] --START--
INFO: Run Behavior\ContentReplace [ RunTime:0.000040s ]
INFO: [ template_filter ] --END-- [ RunTime:0.000092s ]
INFO: Run Behavior\ParseTemplate [ RunTime:0.012170s ]
INFO: [ view_parse ] --END-- [ RunTime:0.012228s ]
INFO: [ view_filter ] --START--
INFO: Run Behavior\WriteHtmlCache [ RunTime:0.000012s ]
INFO: [ view_filter ] --END-- [ RunTime:0.000043s ]
INFO: [ view_end ] --START--
INFO: [ view_end ] --END-- [ RunTime:0.000012s ]
INFO: [ app_end ] --START--
INFO: Run Behavior\ShowPageTrace [ RunTime:0.000030s ]
INFO: [ app_end ] --END-- [ RunTime:0.000058s ]

[ 2016-06-18T15:47:55+08:00 ] 127.0.0.1 /lysskweb/App/index.php?s=/Admin/Login/index.html
INFO: [ app_init ] --START--
INFO: [ app_init ] --END-- [ RunTime:0.000219s ]
INFO: [ path_info ] --START--
INFO: [ path_info ] --END-- [ RunTime:0.000020s ]
INFO: [ app_begin ] --START--
INFO: Run Behavior\ReadHtmlCache [ RunTime:0.000030s ]
INFO: [ app_begin ] --END-- [ RunTime:0.000065s ]
INFO: [ action_begin ] --START--
INFO: [ action_begin ] --END-- [ RunTime:0.000020s ]
INFO: [ view_begin ] --START--
INFO: [ view_begin ] --END-- [ RunTime:0.000024s ]
INFO: [ view_parse ] --START--
INFO: [ template_filter ] --START--
INFO: Run Behavior\ContentReplace [ RunTime:0.000034s ]
INFO: [ template_filter ] --END-- [ RunTime:0.000073s ]
INFO: Run Behavior\ParseTemplate [ RunTime:0.010804s ]
INFO: [ view_parse ] --END-- [ RunTime:0.010874s ]
INFO: [ view_filter ] --START--
INFO: Run Behavior\WriteHtmlCache [ RunTime:0.000013s ]
INFO: [ view_filter ] --END-- [ RunTime:0.000044s ]
INFO: [ view_end ] --START--
INFO: [ view_end ] --END-- [ RunTime:0.000013s ]
INFO: [ app_end ] --START--
INFO: Run Behavior\ShowPageTrace [ RunTime:0.000032s ]
INFO: [ app_end ] --END-- [ RunTime:0.000068s ]

[ 2016-06-18T15:50:26+08:00 ] 127.0.0.1 /lysskweb/App/index.php?s=/Admin/Login/index.html
INFO: [ app_init ] --START--
INFO: [ app_init ] --END-- [ RunTime:0.000206s ]
INFO: [ path_info ] --START--
INFO: [ path_info ] --END-- [ RunTime:0.000020s ]
INFO: [ app_begin ] --START--
INFO: Run Behavior\ReadHtmlCache [ RunTime:0.000028s ]
INFO: [ app_begin ] --END-- [ RunTime:0.000074s ]
INFO: [ action_begin ] --START--
INFO: [ action_begin ] --END-- [ RunTime:0.000017s ]
INFO: [ view_begin ] --START--
INFO: [ view_begin ] --END-- [ RunTime:0.000012s ]
INFO: [ view_parse ] --START--
INFO: [ template_filter ] --START--
INFO: Run Behavior\ContentReplace [ RunTime:0.000040s ]
INFO: [ template_filter ] --END-- [ RunTime:0.000087s ]
INFO: Run Behavior\ParseTemplate [ RunTime:0.011401s ]
INFO: [ view_parse ] --END-- [ RunTime:0.011668s ]
INFO: [ view_filter ] --START--
INFO: Run Behavior\WriteHtmlCache [ RunTime:0.000022s ]
INFO: [ view_filter ] --END-- [ RunTime:0.000085s ]
INFO: [ view_end ] --START--
INFO: [ view_end ] --END-- [ RunTime:0.000024s ]
INFO: [ app_end ] --START--
INFO: Run Behavior\ShowPageTrace [ RunTime:0.000052s ]
INFO: [ app_end ] --END-- [ RunTime:0.000164s ]

[ 2016-06-18T15:50:28+08:00 ] 127.0.0.1 /lysskweb/App/index.php?s=/Admin/Login/login.html
INFO: [ app_init ] --START--
INFO: [ app_init ] --END-- [ RunTime:0.000532s ]
INFO: [ path_info ] --START--
INFO: [ path_info ] --END-- [ RunTime:0.000046s ]
INFO: [ app_begin ] --START--
INFO: Run Behavior\ReadHtmlCache [ RunTime:0.000046s ]
INFO: [ app_begin ] --END-- [ RunTime:0.000103s ]
INFO: [ action_begin ] --START--
INFO: [ action_begin ] --END-- [ RunTime:0.000033s ]
ERR: 没有定义数据库配置

[ 2016-06-18T15:50:34+08:00 ] 127.0.0.1 /lysskweb/App/index.php?s=/Admin/Login/login.html
INFO: [ app_init ] --START--
INFO: [ app_init ] --END-- [ RunTime:0.000181s ]
INFO: [ path_info ] --START--
INFO: [ path_info ] --END-- [ RunTime:0.000017s ]
INFO: [ app_begin ] --START--
INFO: Run Behavior\ReadHtmlCache [ RunTime:0.000024s ]
INFO: [ app_begin ] --END-- [ RunTime:0.000052s ]
INFO: [ action_begin ] --START--
INFO: [ action_begin ] --END-- [ RunTime:0.000022s ]
ERR: 没有定义数据库配置

[ 2016-06-18T15:50:50+08:00 ] 127.0.0.1 /lysskweb/App/index.php?s=/Admin/Login/login.html
INFO: [ app_init ] --START--
INFO: [ app_init ] --END-- [ RunTime:0.000182s ]
INFO: [ path_info ] --START--
INFO: [ path_info ] --END-- [ RunTime:0.000018s ]
INFO: [ app_begin ] --START--
INFO: Run Behavior\ReadHtmlCache [ RunTime:0.000024s ]
INFO: [ app_begin ] --END-- [ RunTime:0.000052s ]
INFO: [ action_begin ] --START--
INFO: [ action_begin ] --END-- [ RunTime:0.000016s ]
ERR: 系统不支持:mysql

[ 2016-06-18T15:50:59+08:00 ] 127.0.0.1 /lysskweb/App/index.php?s=/Admin/Login/login.html
INFO: [ app_init ] --START--
INFO: [ app_init ] --END-- [ RunTime:0.000179s ]
INFO: [ path_info ] --START--
INFO: [ path_info ] --END-- [ RunTime:0.000020s ]
INFO: [ app_begin ] --START--
INFO: Run Behavior\ReadHtmlCache [ RunTime:0.000024s ]
INFO: [ app_begin ] --END-- [ RunTime:0.000052s ]
INFO: [ action_begin ] --START--
INFO: [ action_begin ] --END-- [ RunTime:0.000016s ]
ERR: 系统不支持:mysqli

[ 2016-06-18T15:51:04+08:00 ] 127.0.0.1 /lysskweb/App/index.php?s=/Admin/Login/login.html
INFO: [ app_init ] --START--
INFO: [ app_init ] --END-- [ RunTime:0.000341s ]
INFO: [ path_info ] --START--
INFO: [ path_info ] --END-- [ RunTime:0.000033s ]
INFO: [ app_begin ] --START--
INFO: Run Behavior\ReadHtmlCache [ RunTime:0.000041s ]
INFO: [ app_begin ] --END-- [ RunTime:0.000091s ]
INFO: [ action_begin ] --START--
INFO: [ action_begin ] --END-- [ RunTime:0.000037s ]
NOTIC: [2048] Declaration of Think\Db\Driver\Pdo::bindParam() should be compatible with Think\Db::bindParam($name, $value) /private/var/www/lysskweb/App/ThinkPHP/Library/Think/Db/Driver/Pdo.class.php 第 490 行.
NOTIC: 建议使用E方法替代throw_exception

[ 2016-06-18T15:51:49+08:00 ] 127.0.0.1 /lysskweb/App/index.php?s=/Admin/Login/login.html
INFO: [ app_init ] --START--
INFO: [ app_init ] --END-- [ RunTime:0.000188s ]
INFO: [ path_info ] --START--
INFO: [ path_info ] --END-- [ RunTime:0.000017s ]
INFO: [ app_begin ] --START--
INFO: Run Behavior\ReadHtmlCache [ RunTime:0.000025s ]
INFO: [ app_begin ] --END-- [ RunTime:0.000052s ]
INFO: [ action_begin ] --START--
INFO: [ action_begin ] --END-- [ RunTime:0.000016s ]
ERR: 系统不支持:mysql

[ 2016-06-18T15:53:37+08:00 ] 127.0.0.1 /lysskweb/App/index.php?s=/Admin/Login/login.html
INFO: [ app_init ] --START--
INFO: [ app_init ] --END-- [ RunTime:0.000560s ]
INFO: [ path_info ] --START--
INFO: [ path_info ] --END-- [ RunTime:0.000031s ]
INFO: [ app_begin ] --START--
INFO: Run Behavior\ReadHtmlCache [ RunTime:0.000042s ]
INFO: [ app_begin ] --END-- [ RunTime:0.000086s ]
INFO: [ action_begin ] --START--
INFO: [ action_begin ] --END-- [ RunTime:0.000033s ]
ERR: 系统不支持:mysqli

[ 2016-06-18T15:55:50+08:00 ] 127.0.0.1 /lysskweb/App/index.php?s=/Admin/Login/index.html
INFO: [ app_init ] --START--
INFO: [ app_init ] --END-- [ RunTime:0.000288s ]
INFO: [ path_info ] --START--
INFO: [ path_info ] --END-- [ RunTime:0.000029s ]
INFO: [ app_begin ] --START--
INFO: Run Behavior\ReadHtmlCache [ RunTime:0.000028s ]
INFO: [ app_begin ] --END-- [ RunTime:0.000070s ]
INFO: [ action_begin ] --START--
INFO: [ action_begin ] --END-- [ RunTime:0.000019s ]
INFO: [ view_begin ] --START--
INFO: [ view_begin ] --END-- [ RunTime:0.000013s ]
INFO: [ view_parse ] --START--
INFO: [ template_filter ] --START--
INFO: Run Behavior\ContentReplace [ RunTime:0.000048s ]
INFO: [ template_filter ] --END-- [ RunTime:0.000101s ]
INFO: Run Behavior\ParseTemplate [ RunTime:0.012333s ]
INFO: [ view_parse ] --END-- [ RunTime:0.012402s ]
INFO: [ view_filter ] --START--
INFO: Run Behavior\WriteHtmlCache [ RunTime:0.000017s ]
INFO: [ view_filter ] --END-- [ RunTime:0.000061s ]
INFO: [ view_end ] --START--
INFO: [ view_end ] --END-- [ RunTime:0.000018s ]
INFO: [ app_end ] --START--
INFO: Run Behavior\ShowPageTrace [ RunTime:0.000041s ]
INFO: [ app_end ] --END-- [ RunTime:0.000082s ]

[ 2016-06-18T15:55:52+08:00 ] 127.0.0.1 /lysskweb/App/index.php?s=/Admin/Login/login.html
INFO: [ app_init ] --START--
INFO: [ app_init ] --END-- [ RunTime:0.000440s ]
INFO: [ path_info ] --START--
INFO: [ path_info ] --END-- [ RunTime:0.000037s ]
INFO: [ app_begin ] --START--
INFO: Run Behavior\ReadHtmlCache [ RunTime:0.000047s ]
INFO: [ app_begin ] --END-- [ RunTime:0.000097s ]
INFO: [ action_begin ] --START--
INFO: [ action_begin ] --END-- [ RunTime:0.000032s ]
ERR: 系统不支持:mysql

[ 2016-06-18T15:56:15+08:00 ] 127.0.0.1 /lysskweb/App/index.php?s=/Admin/Login/login.html
INFO: [ app_init ] --START--
INFO: [ app_init ] --END-- [ RunTime:0.000458s ]
INFO: [ path_info ] --START--
INFO: [ path_info ] --END-- [ RunTime:0.000026s ]
INFO: [ app_begin ] --START--
INFO: Run Behavior\ReadHtmlCache [ RunTime:0.000082s ]
INFO: [ app_begin ] --END-- [ RunTime:0.000115s ]
INFO: [ action_begin ] --START--
INFO: [ action_begin ] --END-- [ RunTime:0.000018s ]
NOTIC: [8192] mysql_connect(): The mysql extension is deprecated and will be removed in the future: use mysqli or PDO instead /private/var/www/lysskweb/App/ThinkPHP/Library/Think/Db/Driver/Mysql.class.php 第 52 行.
SQL: SHOW COLUMNS FROM `ly_admin` [ RunTime:0.008427s ]
SQL: SELECT * FROM `ly_admin` WHERE ( `username` = '11' ) LIMIT 1   [ RunTime:0.006285s ]

[ 2016-06-18T15:58:21+08:00 ] 127.0.0.1 /lysskweb/App/index.php?s=/Admin/Login/index.html
INFO: [ app_init ] --START--
INFO: [ app_init ] --END-- [ RunTime:0.000208s ]
INFO: [ path_info ] --START--
INFO: [ path_info ] --END-- [ RunTime:0.000026s ]
INFO: [ app_begin ] --START--
INFO: Run Behavior\ReadHtmlCache [ RunTime:0.000036s ]
INFO: [ app_begin ] --END-- [ RunTime:0.000070s ]
INFO: [ action_begin ] --START--
INFO: [ action_begin ] --END-- [ RunTime:0.000024s ]
INFO: [ view_begin ] --START--
INFO: [ view_begin ] --END-- [ RunTime:0.000014s ]
INFO: [ view_parse ] --START--
INFO: [ template_filter ] --START--
INFO: Run Behavior\ContentReplace [ RunTime:0.000042s ]
INFO: [ template_filter ] --END-- [ RunTime:0.000091s ]
INFO: Run Behavior\ParseTemplate [ RunTime:0.013085s ]
INFO: [ view_parse ] --END-- [ RunTime:0.013141s ]
INFO: [ view_filter ] --START--
INFO: Run Behavior\WriteHtmlCache [ RunTime:0.000011s ]
INFO: [ view_filter ] --END-- [ RunTime:0.000037s ]
INFO: [ view_end ] --START--
INFO: [ view_end ] --END-- [ RunTime:0.000010s ]
INFO: [ app_end ] --START--
INFO: Run Behavior\ShowPageTrace [ RunTime:0.000027s ]
INFO: [ app_end ] --END-- [ RunTime:0.000050s ]

[ 2016-06-18T15:58:25+08:00 ] 127.0.0.1 /lysskweb/App/index.php?s=/Admin/Login/login.html
INFO: [ app_init ] --START--
INFO: [ app_init ] --END-- [ RunTime:0.000184s ]
INFO: [ path_info ] --START--
INFO: [ path_info ] --END-- [ RunTime:0.000021s ]
INFO: [ app_begin ] --START--
INFO: Run Behavior\ReadHtmlCache [ RunTime:0.000024s ]
INFO: [ app_begin ] --END-- [ RunTime:0.000050s ]
INFO: [ action_begin ] --START--
INFO: [ action_begin ] --END-- [ RunTime:0.000014s ]
NOTIC: [8192] mysql_connect(): The mysql extension is deprecated and will be removed in the future: use mysqli or PDO instead /private/var/www/lysskweb/App/ThinkPHP/Library/Think/Db/Driver/Mysql.class.php 第 52 行.
SQL: SHOW COLUMNS FROM `ly_admin` [ RunTime:0.005650s ]
SQL: SELECT * FROM `ly_admin` WHERE ( `username` = 'admin' ) LIMIT 1   [ RunTime:0.005830s ]
NOTIC: [8] Undefined index: uid /private/var/www/lysskweb/App/Application/Admin/Controller/LoginController.class.php 第 33 行.

[ 2016-06-18T15:58:25+08:00 ] 127.0.0.1 /lysskweb/App/index.php?s=/Admin/Index/index.html
INFO: [ app_init ] --START--
INFO: [ app_init ] --END-- [ RunTime:0.000157s ]
INFO: [ path_info ] --START--
INFO: [ path_info ] --END-- [ RunTime:0.000014s ]
INFO: [ app_begin ] --START--
INFO: Run Behavior\ReadHtmlCache [ RunTime:0.000021s ]
INFO: [ app_begin ] --END-- [ RunTime:0.000045s ]
INFO: [ action_begin ] --START--
INFO: [ action_begin ] --END-- [ RunTime:0.000013s ]

[ 2016-06-18T15:58:25+08:00 ] 127.0.0.1 /lysskweb/App/index.php?s=/Admin/Login/index.html
INFO: [ app_init ] --START--
INFO: [ app_init ] --END-- [ RunTime:0.000194s ]
INFO: [ path_info ] --START--
INFO: [ path_info ] --END-- [ RunTime:0.000015s ]
INFO: [ app_begin ] --START--
INFO: Run Behavior\ReadHtmlCache [ RunTime:0.000026s ]
INFO: [ app_begin ] --END-- [ RunTime:0.000056s ]
INFO: [ action_begin ] --START--
INFO: [ action_begin ] --END-- [ RunTime:0.000017s ]
INFO: [ view_begin ] --START--
INFO: [ view_begin ] --END-- [ RunTime:0.000012s ]
INFO: [ view_parse ] --START--
INFO: [ template_filter ] --START--
INFO: Run Behavior\ContentReplace [ RunTime:0.000036s ]
INFO: [ template_filter ] --END-- [ RunTime:0.000070s ]
INFO: Run Behavior\ParseTemplate [ RunTime:0.004478s ]
INFO: [ view_parse ] --END-- [ RunTime:0.004508s ]
INFO: [ view_filter ] --START--
INFO: Run Behavior\WriteHtmlCache [ RunTime:0.000007s ]
INFO: [ view_filter ] --END-- [ RunTime:0.000027s ]
INFO: [ view_end ] --START--
INFO: [ view_end ] --END-- [ RunTime:0.000008s ]
INFO: [ app_end ] --START--
INFO: Run Behavior\ShowPageTrace [ RunTime:0.000020s ]
INFO: [ app_end ] --END-- [ RunTime:0.000038s ]

[ 2016-06-18T15:59:03+08:00 ] 127.0.0.1 /lysskweb/App/index.php?s=/Admin/Login/login.html
INFO: [ app_init ] --START--
INFO: [ app_init ] --END-- [ RunTime:0.000305s ]
INFO: [ path_info ] --START--
INFO: [ path_info ] --END-- [ RunTime:0.000033s ]
INFO: [ app_begin ] --START--
INFO: Run Behavior\ReadHtmlCache [ RunTime:0.000035s ]
INFO: [ app_begin ] --END-- [ RunTime:0.000077s ]
INFO: [ action_begin ] --START--
INFO: [ action_begin ] --END-- [ RunTime:0.000024s ]
NOTIC: [8192] mysql_connect(): The mysql extension is deprecated and will be removed in the future: use mysqli or PDO instead /private/var/www/lysskweb/App/ThinkPHP/Library/Think/Db/Driver/Mysql.class.php 第 52 行.
SQL: SHOW COLUMNS FROM `ly_admin` [ RunTime:0.006964s ]
SQL: SELECT * FROM `ly_admin` WHERE ( `username` = 'admin' ) LIMIT 1   [ RunTime:0.009314s ]
NOTIC: [8] Undefined index: uid /private/var/www/lysskweb/App/Application/Admin/Controller/LoginController.class.php 第 33 行.
NOTIC: [2] Missing argument 1 for session(), called in /private/var/www/lysskweb/App/Application/Admin/Controller/LoginController.class.php on line 35 and defined /private/var/www/lysskweb/App/ThinkPHP/Common/functions.php 第 1016 行.
NOTIC: [8] Undefined variable: name /private/var/www/lysskweb/App/ThinkPHP/Common/functions.php 第 1018 行.
NOTIC: [8] Undefined variable: name /private/var/www/lysskweb/App/ThinkPHP/Common/functions.php 第 1045 行.
NOTIC: [8] Undefined variable: name /private/var/www/lysskweb/App/ThinkPHP/Common/functions.php 第 1057 行.
NOTIC: [8] Undefined variable: name /private/var/www/lysskweb/App/ThinkPHP/Common/functions.php 第 1065 行.

[ 2016-06-18T15:59:14+08:00 ] 127.0.0.1 /lysskweb/App/index.php?s=/Admin/Login/login.html
INFO: [ app_init ] --START--
INFO: [ app_init ] --END-- [ RunTime:0.000178s ]
INFO: [ path_info ] --START--
INFO: [ path_info ] --END-- [ RunTime:0.000014s ]
INFO: [ app_begin ] --START--
INFO: Run Behavior\ReadHtmlCache [ RunTime:0.000023s ]
INFO: [ app_begin ] --END-- [ RunTime:0.000048s ]
INFO: [ action_begin ] --START--
INFO: [ action_begin ] --END-- [ RunTime:0.000013s ]
NOTIC: [8192] mysql_connect(): The mysql extension is deprecated and will be removed in the future: use mysqli or PDO instead /private/var/www/lysskweb/App/ThinkPHP/Library/Think/Db/Driver/Mysql.class.php 第 52 行.
SQL: SHOW COLUMNS FROM `ly_admin` [ RunTime:0.010630s ]
SQL: SELECT * FROM `ly_admin` WHERE ( `username` = 'admin' ) LIMIT 1   [ RunTime:0.008892s ]
NOTIC: [8] Undefined index: uid /private/var/www/lysskweb/App/Application/Admin/Controller/LoginController.class.php 第 33 行.

[ 2016-06-18T15:59:22+08:00 ] 127.0.0.1 /lysskweb/App/index.php?s=/Admin/Login/login.html
INFO: [ app_init ] --START--
INFO: [ app_init ] --END-- [ RunTime:0.000166s ]
INFO: [ path_info ] --START--
INFO: [ path_info ] --END-- [ RunTime:0.000014s ]
INFO: [ app_begin ] --START--
INFO: Run Behavior\ReadHtmlCache [ RunTime:0.000021s ]
INFO: [ app_begin ] --END-- [ RunTime:0.000044s ]
INFO: [ action_begin ] --START--
INFO: [ action_begin ] --END-- [ RunTime:0.000013s ]
NOTIC: [8192] mysql_connect(): The mysql extension is deprecated and will be removed in the future: use mysqli or PDO instead /private/var/www/lysskweb/App/ThinkPHP/Library/Think/Db/Driver/Mysql.class.php 第 52 行.
SQL: SHOW COLUMNS FROM `ly_admin` [ RunTime:0.010946s ]
SQL: SELECT * FROM `ly_admin` WHERE ( `username` = 'admin' ) LIMIT 1   [ RunTime:0.006457s ]

[ 2016-06-18T15:59:22+08:00 ] 127.0.0.1 /lysskweb/App/index.php?s=/Admin/Index/index.html
INFO: [ app_init ] --START--
INFO: [ app_init ] --END-- [ RunTime:0.000157s ]
INFO: [ path_info ] --START--
INFO: [ path_info ] --END-- [ RunTime:0.000014s ]
INFO: [ app_begin ] --START--
INFO: Run Behavior\ReadHtmlCache [ RunTime:0.000021s ]
INFO: [ app_begin ] --END-- [ RunTime:0.000046s ]
INFO: [ action_begin ] --START--
INFO: [ action_begin ] --END-- [ RunTime:0.000030s ]
ERR: 非法操作:index

[ 2016-06-18T16:04:18+08:00 ] 127.0.0.1 /lysskweb/App/index.php?s=/Admin/Index/index.html
INFO: [ app_init ] --START--
INFO: [ app_init ] --END-- [ RunTime:0.000274s ]
INFO: [ path_info ] --START--
INFO: [ path_info ] --END-- [ RunTime:0.000018s ]
INFO: [ app_begin ] --START--
INFO: Run Behavior\ReadHtmlCache [ RunTime:0.000027s ]
INFO: [ app_begin ] --END-- [ RunTime:0.000056s ]
INFO: [ action_begin ] --START--
INFO: [ action_begin ] --END-- [ RunTime:0.000015s ]
INFO: [ view_begin ] --START--
INFO: [ view_begin ] --END-- [ RunTime:0.000011s ]
INFO: [ view_parse ] --START--
INFO: [ template_filter ] --START--
INFO: Run Behavior\ContentReplace [ RunTime:0.000033s ]
INFO: [ template_filter ] --END-- [ RunTime:0.000119s ]
INFO: Run Behavior\ParseTemplate [ RunTime:0.009975s ]
INFO: [ view_parse ] --END-- [ RunTime:0.010039s ]
INFO: [ view_filter ] --START--
INFO: Run Behavior\WriteHtmlCache [ RunTime:0.000016s ]
INFO: [ view_filter ] --END-- [ RunTime:0.000053s ]
INFO: [ view_end ] --START--
INFO: [ view_end ] --END-- [ RunTime:0.000109s ]
INFO: [ app_end ] --START--
INFO: Run Behavior\ShowPageTrace [ RunTime:0.000039s ]
INFO: [ app_end ] --END-- [ RunTime:0.000073s ]

[ 2016-06-18T16:04:41+08:00 ] 127.0.0.1 /lysskweb/App/index.php?s=/Admin/Index/index.html
INFO: [ app_init ] --START--
INFO: [ app_init ] --END-- [ RunTime:0.000164s ]
INFO: [ path_info ] --START--
INFO: [ path_info ] --END-- [ RunTime:0.000014s ]
INFO: [ app_begin ] --START--
INFO: Run Behavior\ReadHtmlCache [ RunTime:0.000021s ]
INFO: [ app_begin ] --END-- [ RunTime:0.000047s ]
INFO: [ action_begin ] --START--
INFO: [ action_begin ] --END-- [ RunTime:0.000014s ]
INFO: [ view_begin ] --START--
INFO: [ view_begin ] --END-- [ RunTime:0.000010s ]
INFO: [ view_parse ] --START--
INFO: [ template_filter ] --START--
INFO: Run Behavior\ContentReplace [ RunTime:0.000197s ]
INFO: [ template_filter ] --END-- [ RunTime:0.000252s ]
INFO: Run Behavior\ParseTemplate [ RunTime:0.023119s ]
INFO: [ view_parse ] --END-- [ RunTime:0.023184s ]
INFO: [ view_filter ] --START--
INFO: Run Behavior\WriteHtmlCache [ RunTime:0.000017s ]
INFO: [ view_filter ] --END-- [ RunTime:0.000055s ]
INFO: [ view_end ] --START--
INFO: [ view_end ] --END-- [ RunTime:0.000066s ]
INFO: [ app_end ] --START--
INFO: Run Behavior\ShowPageTrace [ RunTime:0.000061s ]
INFO: [ app_end ] --END-- [ RunTime:0.000135s ]

[ 2016-06-18T16:04:57+08:00 ] 127.0.0.1 /lysskweb/App/index.php?s=/Admin/Index/index.html
INFO: [ app_init ] --START--
INFO: [ app_init ] --END-- [ RunTime:0.000158s ]
INFO: [ path_info ] --START--
INFO: [ path_info ] --END-- [ RunTime:0.000014s ]
INFO: [ app_begin ] --START--
INFO: Run Behavior\ReadHtmlCache [ RunTime:0.000020s ]
INFO: [ app_begin ] --END-- [ RunTime:0.000046s ]
INFO: [ action_begin ] --START--
INFO: [ action_begin ] --END-- [ RunTime:0.000014s ]
INFO: [ view_begin ] --START--
INFO: [ view_begin ] --END-- [ RunTime:0.000009s ]
INFO: [ view_parse ] --START--
INFO: [ template_filter ] --START--
INFO: Run Behavior\ContentReplace [ RunTime:0.000193s ]
INFO: [ template_filter ] --END-- [ RunTime:0.000259s ]
INFO: Run Behavior\ParseTemplate [ RunTime:0.022306s ]
INFO: [ view_parse ] --END-- [ RunTime:0.022371s ]
INFO: [ view_filter ] --START--
INFO: Run Behavior\WriteHtmlCache [ RunTime:0.000017s ]
INFO: [ view_filter ] --END-- [ RunTime:0.000054s ]
INFO: [ view_end ] --START--
INFO: [ view_end ] --END-- [ RunTime:0.000028s ]
INFO: [ app_end ] --START--
INFO: Run Behavior\ShowPageTrace [ RunTime:0.000087s ]
INFO: [ app_end ] --END-- [ RunTime:0.000166s ]

[ 2016-06-18T16:05:45+08:00 ] 127.0.0.1 /lysskweb/App/index.php?s=/Admin/Index/index.html
INFO: [ app_init ] --START--
INFO: [ app_init ] --END-- [ RunTime:0.000179s ]
INFO: [ path_info ] --START--
INFO: [ path_info ] --END-- [ RunTime:0.000017s ]
INFO: [ app_begin ] --START--
INFO: Run Behavior\ReadHtmlCache [ RunTime:0.000025s ]
INFO: [ app_begin ] --END-- [ RunTime:0.000056s ]
INFO: [ action_begin ] --START--
INFO: [ action_begin ] --END-- [ RunTime:0.000015s ]
INFO: [ view_begin ] --START--
INFO: [ view_begin ] --END-- [ RunTime:0.000012s ]
INFO: [ view_parse ] --START--
INFO: [ template_filter ] --START--
INFO: Run Behavior\ContentReplace [ RunTime:0.000086s ]
INFO: [ template_filter ] --END-- [ RunTime:0.000129s ]
INFO: Run Behavior\ParseTemplate [ RunTime:0.018542s ]
INFO: [ view_parse ] --END-- [ RunTime:0.018609s ]
INFO: [ view_filter ] --START--
INFO: Run Behavior\WriteHtmlCache [ RunTime:0.000016s ]
INFO: [ view_filter ] --END-- [ RunTime:0.000053s ]
INFO: [ view_end ] --START--
INFO: [ view_end ] --END-- [ RunTime:0.000025s ]
INFO: [ app_end ] --START--
INFO: Run Behavior\ShowPageTrace [ RunTime:0.000077s ]
INFO: [ app_end ] --END-- [ RunTime:0.000214s ]

[ 2016-06-18T16:06:29+08:00 ] 127.0.0.1 /lysskweb/App/index.php?s=/Admin/Index/index.html
INFO: [ app_init ] --START--
INFO: [ app_init ] --END-- [ RunTime:0.000169s ]
INFO: [ path_info ] --START--
INFO: [ path_info ] --END-- [ RunTime:0.000014s ]
INFO: [ app_begin ] --START--
INFO: Run Behavior\ReadHtmlCache [ RunTime:0.000021s ]
INFO: [ app_begin ] --END-- [ RunTime:0.000048s ]
INFO: [ action_begin ] --START--
INFO: [ action_begin ] --END-- [ RunTime:0.000013s ]
INFO: [ view_begin ] --START--
INFO: [ view_begin ] --END-- [ RunTime:0.000010s ]
INFO: [ view_parse ] --START--
INFO: [ template_filter ] --START--
INFO: Run Behavior\ContentReplace [ RunTime:0.000096s ]
INFO: [ template_filter ] --END-- [ RunTime:0.000150s ]
INFO: Run Behavior\ParseTemplate [ RunTime:0.018107s ]
INFO: [ view_parse ] --END-- [ RunTime:0.018176s ]
INFO: [ view_filter ] --START--
INFO: Run Behavior\WriteHtmlCache [ RunTime:0.000017s ]
INFO: [ view_filter ] --END-- [ RunTime:0.000054s ]
INFO: [ view_end ] --START--
INFO: [ view_end ] --END-- [ RunTime:0.000051s ]
INFO: [ app_end ] --START--
INFO: Run Behavior\ShowPageTrace [ RunTime:0.000059s ]
INFO: [ app_end ] --END-- [ RunTime:0.000225s ]

[ 2016-06-18T16:07:01+08:00 ] 127.0.0.1 /lysskweb/App/index.php?s=/Admin/Index/index.html
INFO: [ app_init ] --START--
INFO: [ app_init ] --END-- [ RunTime:0.000209s ]
INFO: [ path_info ] --START--
INFO: [ path_info ] --END-- [ RunTime:0.000027s ]
INFO: [ app_begin ] --START--
INFO: Run Behavior\ReadHtmlCache [ RunTime:0.000031s ]
INFO: [ app_begin ] --END-- [ RunTime:0.000071s ]
INFO: [ action_begin ] --START--
INFO: [ action_begin ] --END-- [ RunTime:0.000022s ]
INFO: [ view_begin ] --START--
INFO: [ view_begin ] --END-- [ RunTime:0.000011s ]
INFO: [ view_parse ] --START--
INFO: [ template_filter ] --START--
INFO: Run Behavior\ContentReplace [ RunTime:0.000096s ]
INFO: [ template_filter ] --END-- [ RunTime:0.000149s ]
INFO: Run Behavior\ParseTemplate [ RunTime:0.021365s ]
INFO: [ view_parse ] --END-- [ RunTime:0.021416s ]
INFO: [ view_filter ] --START--
INFO: Run Behavior\WriteHtmlCache [ RunTime:0.000012s ]
INFO: [ view_filter ] --END-- [ RunTime:0.000037s ]
INFO: [ view_end ] --START--
INFO: [ view_end ] --END-- [ RunTime:0.000018s ]
INFO: [ app_end ] --START--
INFO: Run Behavior\ShowPageTrace [ RunTime:0.000034s ]
INFO: [ app_end ] --END-- [ RunTime:0.000064s ]

[ 2016-06-18T16:07:12+08:00 ] 127.0.0.1 /lysskweb/App/index.php?s=/Admin/Index/index.html
INFO: [ app_init ] --START--
INFO: [ app_init ] --END-- [ RunTime:0.000162s ]
INFO: [ path_info ] --START--
INFO: [ path_info ] --END-- [ RunTime:0.000014s ]
INFO: [ app_begin ] --START--
INFO: Run Behavior\ReadHtmlCache [ RunTime:0.000022s ]
INFO: [ app_begin ] --END-- [ RunTime:0.000048s ]
INFO: [ action_begin ] --START--
INFO: [ action_begin ] --END-- [ RunTime:0.000014s ]
INFO: [ view_begin ] --START--
INFO: [ view_begin ] --END-- [ RunTime:0.000009s ]
INFO: [ view_parse ] --START--
INFO: [ template_filter ] --START--
INFO: Run Behavior\ContentReplace [ RunTime:0.000142s ]
INFO: [ template_filter ] --END-- [ RunTime:0.000230s ]
INFO: Run Behavior\ParseTemplate [ RunTime:0.018689s ]
INFO: [ view_parse ] --END-- [ RunTime:0.018747s ]
INFO: [ view_filter ] --START--
INFO: Run Behavior\WriteHtmlCache [ RunTime:0.000016s ]
INFO: [ view_filter ] --END-- [ RunTime:0.000051s ]
INFO: [ view_end ] --START--
INFO: [ view_end ] --END-- [ RunTime:0.000028s ]
INFO: [ app_end ] --START--
INFO: Run Behavior\ShowPageTrace [ RunTime:0.000095s ]
INFO: [ app_end ] --END-- [ RunTime:0.000220s ]

[ 2016-06-18T16:07:18+08:00 ] 127.0.0.1 /lysskweb/App/index.php?s=/Admin/Index/index.html
INFO: [ app_init ] --START--
INFO: [ app_init ] --END-- [ RunTime:0.000268s ]
INFO: [ path_info ] --START--
INFO: [ path_info ] --END-- [ RunTime:0.000019s ]
INFO: [ app_begin ] --START--
INFO: Run Behavior\ReadHtmlCache [ RunTime:0.000026s ]
INFO: [ app_begin ] --END-- [ RunTime:0.000055s ]
INFO: [ action_begin ] --START--
INFO: [ action_begin ] --END-- [ RunTime:0.000022s ]
INFO: [ view_begin ] --START--
INFO: [ view_begin ] --END-- [ RunTime:0.000011s ]
INFO: [ view_parse ] --START--
INFO: [ template_filter ] --START--
INFO: Run Behavior\ContentReplace [ RunTime:0.000085s ]
INFO: [ template_filter ] --END-- [ RunTime:0.000134s ]
INFO: Run Behavior\ParseTemplate [ RunTime:0.019025s ]
INFO: [ view_parse ] --END-- [ RunTime:0.019087s ]
INFO: [ view_filter ] --START--
INFO: Run Behavior\WriteHtmlCache [ RunTime:0.000015s ]
INFO: [ view_filter ] --END-- [ RunTime:0.000053s ]
INFO: [ view_end ] --START--
INFO: [ view_end ] --END-- [ RunTime:0.000026s ]
INFO: [ app_end ] --START--
INFO: Run Behavior\ShowPageTrace [ RunTime:0.000056s ]
INFO: [ app_end ] --END-- [ RunTime:0.000178s ]

[ 2016-06-18T16:08:04+08:00 ] 127.0.0.1 /lysskweb/App/index.php?s=/Admin/Index/index.html
INFO: [ app_init ] --START--
INFO: [ app_init ] --END-- [ RunTime:0.000176s ]
INFO: [ path_info ] --START--
INFO: [ path_info ] --END-- [ RunTime:0.000014s ]
INFO: [ app_begin ] --START--
INFO: Run Behavior\ReadHtmlCache [ RunTime:0.000087s ]
INFO: [ app_begin ] --END-- [ RunTime:0.000124s ]
INFO: [ action_begin ] --START--
INFO: [ action_begin ] --END-- [ RunTime:0.000017s ]
INFO: [ view_begin ] --START--
INFO: [ view_begin ] --END-- [ RunTime:0.000010s ]
INFO: [ view_parse ] --START--
INFO: [ template_filter ] --START--
INFO: Run Behavior\ContentReplace [ RunTime:0.000082s ]
INFO: [ template_filter ] --END-- [ RunTime:0.000126s ]
INFO: Run Behavior\ParseTemplate [ RunTime:0.017468s ]
INFO: [ view_parse ] --END-- [ RunTime:0.017513s ]
INFO: [ view_filter ] --START--
INFO: Run Behavior\WriteHtmlCache [ RunTime:0.000012s ]
INFO: [ view_filter ] --END-- [ RunTime:0.000037s ]
INFO: [ view_end ] --START--
INFO: [ view_end ] --END-- [ RunTime:0.000017s ]
INFO: [ app_end ] --START--
INFO: Run Behavior\ShowPageTrace [ RunTime:0.000056s ]
INFO: [ app_end ] --END-- [ RunTime:0.000111s ]

[ 2016-06-18T16:08:06+08:00 ] 127.0.0.1 /lysskweb/App/index.php?s=/Admin/Login/logout.html
INFO: [ app_init ] --START--
INFO: [ app_init ] --END-- [ RunTime:0.000160s ]
INFO: [ path_info ] --START--
INFO: [ path_info ] --END-- [ RunTime:0.000013s ]
INFO: [ app_begin ] --START--
INFO: Run Behavior\ReadHtmlCache [ RunTime:0.000021s ]
INFO: [ app_begin ] --END-- [ RunTime:0.000046s ]
INFO: [ action_begin ] --START--
INFO: [ action_begin ] --END-- [ RunTime:0.000014s ]

[ 2016-06-18T16:08:06+08:00 ] 127.0.0.1 /lysskweb/App/index.php?s=/Admin/Login/index.html
INFO: [ app_init ] --START--
INFO: [ app_init ] --END-- [ RunTime:0.000252s ]
INFO: [ path_info ] --START--
INFO: [ path_info ] --END-- [ RunTime:0.000016s ]
INFO: [ app_begin ] --START--
INFO: Run Behavior\ReadHtmlCache [ RunTime:0.000024s ]
INFO: [ app_begin ] --END-- [ RunTime:0.000052s ]
INFO: [ action_begin ] --START--
INFO: [ action_begin ] --END-- [ RunTime:0.000016s ]
INFO: [ view_begin ] --START--
INFO: [ view_begin ] --END-- [ RunTime:0.000011s ]
INFO: [ view_parse ] --START--
INFO: [ template_filter ] --START--
INFO: Run Behavior\ContentReplace [ RunTime:0.000034s ]
INFO: [ template_filter ] --END-- [ RunTime:0.000070s ]
INFO: Run Behavior\ParseTemplate [ RunTime:0.003212s ]
INFO: [ view_parse ] --END-- [ RunTime:0.003241s ]
INFO: [ view_filter ] --START--
INFO: Run Behavior\WriteHtmlCache [ RunTime:0.000007s ]
INFO: [ view_filter ] --END-- [ RunTime:0.000026s ]
INFO: [ view_end ] --START--
INFO: [ view_end ] --END-- [ RunTime:0.000007s ]
INFO: [ app_end ] --START--
INFO: Run Behavior\ShowPageTrace [ RunTime:0.000019s ]
INFO: [ app_end ] --END-- [ RunTime:0.000038s ]

[ 2016-06-18T16:08:10+08:00 ] 127.0.0.1 /lysskweb/App/index.php?s=/Admin/Login/login.html
INFO: [ app_init ] --START--
INFO: [ app_init ] --END-- [ RunTime:0.000164s ]
INFO: [ path_info ] --START--
INFO: [ path_info ] --END-- [ RunTime:0.000018s ]
INFO: [ app_begin ] --START--
INFO: Run Behavior\ReadHtmlCache [ RunTime:0.000025s ]
INFO: [ app_begin ] --END-- [ RunTime:0.000056s ]
INFO: [ action_begin ] --START--
INFO: [ action_begin ] --END-- [ RunTime:0.000019s ]
NOTIC: [8192] mysql_connect(): The mysql extension is deprecated and will be removed in the future: use mysqli or PDO instead /private/var/www/lysskweb/App/ThinkPHP/Library/Think/Db/Driver/Mysql.class.php 第 52 行.
SQL: SHOW COLUMNS FROM `ly_admin` [ RunTime:0.009109s ]
SQL: SELECT * FROM `ly_admin` WHERE ( `username` = 'admin' ) LIMIT 1   [ RunTime:0.007500s ]

[ 2016-06-18T16:08:10+08:00 ] 127.0.0.1 /lysskweb/App/index.php?s=/Admin/Index/index.html
INFO: [ app_init ] --START--
INFO: [ app_init ] --END-- [ RunTime:0.000156s ]
INFO: [ path_info ] --START--
INFO: [ path_info ] --END-- [ RunTime:0.000014s ]
INFO: [ app_begin ] --START--
INFO: Run Behavior\ReadHtmlCache [ RunTime:0.000021s ]
INFO: [ app_begin ] --END-- [ RunTime:0.000046s ]
INFO: [ action_begin ] --START--
INFO: [ action_begin ] --END-- [ RunTime:0.000013s ]
INFO: [ view_begin ] --START--
INFO: [ view_begin ] --END-- [ RunTime:0.000010s ]
INFO: [ view_parse ] --START--
INFO: [ template_filter ] --START--
INFO: Run Behavior\ContentReplace [ RunTime:0.000085s ]
INFO: [ template_filter ] --END-- [ RunTime:0.000130s ]
INFO: Run Behavior\ParseTemplate [ RunTime:0.009627s ]
INFO: [ view_parse ] --END-- [ RunTime:0.009656s ]
INFO: [ view_filter ] --START--
INFO: Run Behavior\WriteHtmlCache [ RunTime:0.000009s ]
INFO: [ view_filter ] --END-- [ RunTime:0.000028s ]
INFO: [ view_end ] --START--
INFO: [ view_end ] --END-- [ RunTime:0.000010s ]
INFO: [ app_end ] --START--
INFO: Run Behavior\ShowPageTrace [ RunTime:0.000026s ]
INFO: [ app_end ] --END-- [ RunTime:0.000071s ]

[ 2016-06-18T16:08:30+08:00 ] 127.0.0.1 /lysskweb/App/index.php?s=/Admin/Index/index.html
INFO: [ app_init ] --START--
INFO: [ app_init ] --END-- [ RunTime:0.000183s ]
INFO: [ path_info ] --START--
INFO: [ path_info ] --END-- [ RunTime:0.000016s ]
INFO: [ app_begin ] --START--
INFO: Run Behavior\ReadHtmlCache [ RunTime:0.000024s ]
INFO: [ app_begin ] --END-- [ RunTime:0.000053s ]
INFO: [ action_begin ] --START--
INFO: [ action_begin ] --END-- [ RunTime:0.000015s ]
INFO: [ view_begin ] --START--
INFO: [ view_begin ] --END-- [ RunTime:0.000011s ]
INFO: [ view_parse ] --START--
INFO: [ template_filter ] --START--
INFO: Run Behavior\ContentReplace [ RunTime:0.000084s ]
INFO: [ template_filter ] --END-- [ RunTime:0.000123s ]
NOTIC: [8] Undefined variable: module /private/var/www/lysskweb/App/ThinkPHP/Common/functions.php 第 789 行.
INFO: Run Behavior\ParseTemplate [ RunTime:0.016833s ]
INFO: [ view_parse ] --END-- [ RunTime:0.016873s ]
INFO: [ view_filter ] --START--
INFO: Run Behavior\WriteHtmlCache [ RunTime:0.000011s ]
INFO: [ view_filter ] --END-- [ RunTime:0.000036s ]
INFO: [ view_end ] --START--
INFO: [ view_end ] --END-- [ RunTime:0.000015s ]
INFO: [ app_end ] --START--
INFO: Run Behavior\ShowPageTrace [ RunTime:0.000050s ]
INFO: [ app_end ] --END-- [ RunTime:0.000109s ]

[ 2016-06-18T16:08:41+08:00 ] 127.0.0.1 /lysskweb/App/index.php?s=/Admin/Index/index.html
INFO: [ app_init ] --START--
INFO: [ app_init ] --END-- [ RunTime:0.000162s ]
INFO: [ path_info ] --START--
INFO: [ path_info ] --END-- [ RunTime:0.000016s ]
INFO: [ app_begin ] --START--
INFO: Run Behavior\ReadHtmlCache [ RunTime:0.000150s ]
INFO: [ app_begin ] --END-- [ RunTime:0.000186s ]
INFO: [ action_begin ] --START--
INFO: [ action_begin ] --END-- [ RunTime:0.000015s ]
INFO: [ view_begin ] --START--
INFO: [ view_begin ] --END-- [ RunTime:0.000011s ]
INFO: [ view_parse ] --START--
INFO: [ template_filter ] --START--
INFO: Run Behavior\ContentReplace [ RunTime:0.000083s ]
INFO: [ template_filter ] --END-- [ RunTime:0.000127s ]
NOTIC: [8] Undefined variable: module /private/var/www/lysskweb/App/ThinkPHP/Common/functions.php 第 789 行.
INFO: Run Behavior\ParseTemplate [ RunTime:0.016906s ]
INFO: [ view_parse ] --END-- [ RunTime:0.016945s ]
INFO: [ view_filter ] --START--
INFO: Run Behavior\WriteHtmlCache [ RunTime:0.000011s ]
INFO: [ view_filter ] --END-- [ RunTime:0.000036s ]
INFO: [ view_end ] --START--
INFO: [ view_end ] --END-- [ RunTime:0.000015s ]
INFO: [ app_end ] --START--
INFO: Run Behavior\ShowPageTrace [ RunTime:0.000026s ]
INFO: [ app_end ] --END-- [ RunTime:0.000105s ]

[ 2016-06-18T16:08:42+08:00 ] 127.0.0.1 /lysskweb/App/index.php?s=/Admin.html
INFO: [ app_init ] --START--
INFO: [ app_init ] --END-- [ RunTime:0.000164s ]
INFO: [ app_begin ] --START--
INFO: Run Behavior\ReadHtmlCache [ RunTime:0.000027s ]
INFO: [ app_begin ] --END-- [ RunTime:0.000066s ]
INFO: [ action_begin ] --START--
INFO: [ action_begin ] --END-- [ RunTime:0.000016s ]
INFO: [ view_begin ] --START--
INFO: [ view_begin ] --END-- [ RunTime:0.000012s ]
INFO: [ view_parse ] --START--
INFO: [ template_filter ] --START--
INFO: Run Behavior\ContentReplace [ RunTime:0.000119s ]
INFO: [ template_filter ] --END-- [ RunTime:0.000192s ]
NOTIC: [8] Undefined variable: module /private/var/www/lysskweb/App/ThinkPHP/Common/functions.php 第 789 行.
INFO: Run Behavior\ParseTemplate [ RunTime:0.010647s ]
INFO: [ view_parse ] --END-- [ RunTime:0.010711s ]
INFO: [ view_filter ] --START--
INFO: Run Behavior\WriteHtmlCache [ RunTime:0.000016s ]
INFO: [ view_filter ] --END-- [ RunTime:0.000055s ]
INFO: [ view_end ] --START--
INFO: [ view_end ] --END-- [ RunTime:0.000020s ]
INFO: [ app_end ] --START--
INFO: Run Behavior\ShowPageTrace [ RunTime:0.000040s ]
INFO: [ app_end ] --END-- [ RunTime:0.000076s ]

[ 2016-06-18T16:08:44+08:00 ] 127.0.0.1 /lysskweb/App/index.php?s=/Admin.html
INFO: [ app_init ] --START--
INFO: [ app_init ] --END-- [ RunTime:0.000159s ]
INFO: [ app_begin ] --START--
INFO: Run Behavior\ReadHtmlCache [ RunTime:0.000021s ]
INFO: [ app_begin ] --END-- [ RunTime:0.000050s ]
INFO: [ action_begin ] --START--
INFO: [ action_begin ] --END-- [ RunTime:0.000014s ]
INFO: [ view_begin ] --START--
INFO: [ view_begin ] --END-- [ RunTime:0.000011s ]
INFO: [ view_parse ] --START--
INFO: [ template_filter ] --START--
INFO: Run Behavior\ContentReplace [ RunTime:0.000103s ]
INFO: [ template_filter ] --END-- [ RunTime:0.000160s ]
NOTIC: [8] Undefined variable: module /private/var/www/lysskweb/App/ThinkPHP/Common/functions.php 第 789 行.
INFO: Run Behavior\ParseTemplate [ RunTime:0.010691s ]
INFO: [ view_parse ] --END-- [ RunTime:0.010723s ]
INFO: [ view_filter ] --START--
INFO: Run Behavior\WriteHtmlCache [ RunTime:0.000011s ]
INFO: [ view_filter ] --END-- [ RunTime:0.000036s ]
INFO: [ view_end ] --START--
INFO: [ view_end ] --END-- [ RunTime:0.000012s ]
INFO: [ app_end ] --START--
INFO: Run Behavior\ShowPageTrace [ RunTime:0.000028s ]
INFO: [ app_end ] --END-- [ RunTime:0.000057s ]

[ 2016-06-18T16:08:48+08:00 ] 127.0.0.1 /lysskweb/App/index.php?s=/Admin.html
INFO: [ app_init ] --START--
INFO: [ app_init ] --END-- [ RunTime:0.000276s ]
INFO: [ app_begin ] --START--
INFO: Run Behavior\ReadHtmlCache [ RunTime:0.000026s ]
INFO: [ app_begin ] --END-- [ RunTime:0.000064s ]
INFO: [ action_begin ] --START--
INFO: [ action_begin ] --END-- [ RunTime:0.000015s ]
INFO: [ view_begin ] --START--
INFO: [ view_begin ] --END-- [ RunTime:0.000011s ]
INFO: [ view_parse ] --START--
INFO: [ template_filter ] --START--
INFO: Run Behavior\ContentReplace [ RunTime:0.000078s ]
INFO: [ template_filter ] --END-- [ RunTime:0.000123s ]
NOTIC: [8] Undefined variable: module /private/var/www/lysskweb/App/ThinkPHP/Common/functions.php 第 789 行.
INFO: Run Behavior\ParseTemplate [ RunTime:0.016963s ]
INFO: [ view_parse ] --END-- [ RunTime:0.017032s ]
INFO: [ view_filter ] --START--
INFO: Run Behavior\WriteHtmlCache [ RunTime:0.000025s ]
INFO: [ view_filter ] --END-- [ RunTime:0.000125s ]
INFO: [ view_end ] --START--
INFO: [ view_end ] --END-- [ RunTime:0.000035s ]
INFO: [ app_end ] --START--
INFO: Run Behavior\ShowPageTrace [ RunTime:0.000149s ]
INFO: [ app_end ] --END-- [ RunTime:0.000220s ]

[ 2016-06-18T16:11:57+08:00 ] 127.0.0.1 /lysskweb/App/index.php?s=/Admin.html
INFO: [ app_init ] --START--
INFO: [ app_init ] --END-- [ RunTime:0.000163s ]
INFO: [ app_begin ] --START--
INFO: Run Behavior\ReadHtmlCache [ RunTime:0.000022s ]
INFO: [ app_begin ] --END-- [ RunTime:0.000051s ]
INFO: [ action_begin ] --START--
INFO: [ action_begin ] --END-- [ RunTime:0.000013s ]
INFO: [ view_begin ] --START--
INFO: [ view_begin ] --END-- [ RunTime:0.000010s ]
INFO: [ view_parse ] --START--
INFO: [ template_filter ] --START--
INFO: Run Behavior\ContentReplace [ RunTime:0.000039s ]
INFO: [ template_filter ] --END-- [ RunTime:0.000074s ]
NOTIC: [8] Undefined variable: module /private/var/www/lysskweb/App/ThinkPHP/Common/functions.php 第 789 行.
INFO: Run Behavior\ParseTemplate [ RunTime:0.013116s ]
INFO: [ view_parse ] --END-- [ RunTime:0.013166s ]
INFO: [ view_filter ] --START--
INFO: Run Behavior\WriteHtmlCache [ RunTime:0.000017s ]
INFO: [ view_filter ] --END-- [ RunTime:0.000055s ]
INFO: [ view_end ] --START--
INFO: [ view_end ] --END-- [ RunTime:0.000046s ]
INFO: [ app_end ] --START--
INFO: Run Behavior\ShowPageTrace [ RunTime:0.000058s ]
INFO: [ app_end ] --END-- [ RunTime:0.000117s ]

[ 2016-06-18T16:13:37+08:00 ] 127.0.0.1 /lysskweb/App/index.php?s=/Admin.html
INFO: [ app_init ] --START--
INFO: [ app_init ] --END-- [ RunTime:0.000169s ]
INFO: [ app_begin ] --START--
INFO: Run Behavior\ReadHtmlCache [ RunTime:0.000023s ]
INFO: [ app_begin ] --END-- [ RunTime:0.000053s ]
INFO: [ action_begin ] --START--
INFO: [ action_begin ] --END-- [ RunTime:0.000013s ]
INFO: [ view_begin ] --START--
INFO: [ view_begin ] --END-- [ RunTime:0.000010s ]
INFO: [ view_parse ] --START--
INFO: [ template_filter ] --START--
INFO: Run Behavior\ContentReplace [ RunTime:0.000048s ]
INFO: [ template_filter ] --END-- [ RunTime:0.000096s ]
NOTIC: [8] Undefined variable: module /private/var/www/lysskweb/App/ThinkPHP/Common/functions.php 第 789 行.
INFO: Run Behavior\ParseTemplate [ RunTime:0.014165s ]
INFO: [ view_parse ] --END-- [ RunTime:0.014210s ]
INFO: [ view_filter ] --START--
INFO: Run Behavior\WriteHtmlCache [ RunTime:0.000012s ]
INFO: [ view_filter ] --END-- [ RunTime:0.000039s ]
INFO: [ view_end ] --START--
INFO: [ view_end ] --END-- [ RunTime:0.000020s ]
INFO: [ app_end ] --START--
INFO: Run Behavior\ShowPageTrace [ RunTime:0.000028s ]
INFO: [ app_end ] --END-- [ RunTime:0.000059s ]

[ 2016-06-18T16:44:04+08:00 ] 127.0.0.1 /lysskweb/App/index.php?s=/App
INFO: [ app_init ] --START--
INFO: [ app_init ] --END-- [ RunTime:0.000171s ]
INFO: [ app_begin ] --START--
INFO: Run Behavior\ReadHtmlCache [ RunTime:0.000023s ]
INFO: [ app_begin ] --END-- [ RunTime:0.000053s ]
INFO: [ action_begin ] --START--
INFO: [ action_begin ] --END-- [ RunTime:0.000014s ]
ERR: 非法操作:index

[ 2016-06-18T16:44:12+08:00 ] 127.0.0.1 /lysskweb/App/index.php?s=/App/Init/getSessionId
INFO: [ app_init ] --START--
INFO: [ app_init ] --END-- [ RunTime:0.000161s ]
INFO: [ path_info ] --START--
INFO: [ path_info ] --END-- [ RunTime:0.000014s ]
INFO: [ app_begin ] --START--
INFO: Run Behavior\ReadHtmlCache [ RunTime:0.000021s ]
INFO: [ app_begin ] --END-- [ RunTime:0.000046s ]
INFO: [ action_begin ] --START--
INFO: [ action_begin ] --END-- [ RunTime:0.000014s ]

[ 2016-06-18T16:44:17+08:00 ] 127.0.0.1 /lysskweb/App/index.php?s=/App/Init/getSessionId/device_id/1
INFO: [ app_init ] --START--
INFO: [ app_init ] --END-- [ RunTime:0.000178s ]
INFO: [ path_info ] --START--
INFO: [ path_info ] --END-- [ RunTime:0.000015s ]
INFO: [ app_begin ] --START--
INFO: Run Behavior\ReadHtmlCache [ RunTime:0.000021s ]
INFO: [ app_begin ] --END-- [ RunTime:0.000048s ]
INFO: [ action_begin ] --START--
INFO: [ action_begin ] --END-- [ RunTime:0.000014s ]
NOTIC: [8192] mysql_connect(): The mysql extension is deprecated and will be removed in the future: use mysqli or PDO instead /private/var/www/lysskweb/App/ThinkPHP/Library/Think/Db/Driver/Mysql.class.php 第 52 行.
SQL: SHOW COLUMNS FROM `ly_app_login` [ RunTime:0.006642s ]
SQL: SHOW COLUMNS FROM `ly_user` [ RunTime:0.007819s ]
SQL: SELECT * FROM `ly_app_login` WHERE ( 1 ) LIMIT 1   [ RunTime:0.005278s ]
SQL: INSERT INTO `ly_app_login` (`device_id`,`user_id`,`session_id`,`create_time`,`modify_time`) VALUES ('1',0,0,1466239457,1466239457) [ RunTime:0.023919s ]

[ 2016-06-18T16:44:58+08:00 ] 127.0.0.1 /lysskweb/App/index.php?s=/App/Init/getSessionId/device_id/2
INFO: [ app_init ] --START--
INFO: [ app_init ] --END-- [ RunTime:0.000181s ]
INFO: [ path_info ] --START--
INFO: [ path_info ] --END-- [ RunTime:0.000030s ]
INFO: [ app_begin ] --START--
INFO: Run Behavior\ReadHtmlCache [ RunTime:0.000042s ]
INFO: [ app_begin ] --END-- [ RunTime:0.000139s ]
INFO: [ action_begin ] --START--
INFO: [ action_begin ] --END-- [ RunTime:0.000022s ]
NOTIC: [8192] mysql_connect(): The mysql extension is deprecated and will be removed in the future: use mysqli or PDO instead /private/var/www/lysskweb/App/ThinkPHP/Library/Think/Db/Driver/Mysql.class.php 第 52 行.
SQL: SHOW COLUMNS FROM `ly_app_login` [ RunTime:0.006658s ]
SQL: SHOW COLUMNS FROM `ly_user` [ RunTime:0.021662s ]
SQL: SELECT * FROM `ly_app_login` WHERE ( 2 ) LIMIT 1   [ RunTime:0.021175s ]
SQL: INSERT INTO `ly_app_login` (`device_id`,`user_id`,`session_id`,`create_time`,`modify_time`) VALUES ('2',0,0,1466239498,1466239498) [ RunTime:0.026090s ]

[ 2016-06-18T16:45:17+08:00 ] 127.0.0.1 /lysskweb/App/index.php?s=/App/Init/getSessionId/device_id/2
INFO: [ app_init ] --START--
INFO: [ app_init ] --END-- [ RunTime:0.000157s ]
INFO: [ path_info ] --START--
INFO: [ path_info ] --END-- [ RunTime:0.000014s ]
INFO: [ app_begin ] --START--
INFO: Run Behavior\ReadHtmlCache [ RunTime:0.000021s ]
INFO: [ app_begin ] --END-- [ RunTime:0.000046s ]
INFO: [ action_begin ] --START--
INFO: [ action_begin ] --END-- [ RunTime:0.000015s ]
NOTIC: [8192] mysql_connect(): The mysql extension is deprecated and will be removed in the future: use mysqli or PDO instead /private/var/www/lysskweb/App/ThinkPHP/Library/Think/Db/Driver/Mysql.class.php 第 52 行.
SQL: SHOW COLUMNS FROM `ly_app_login` [ RunTime:0.013434s ]
SQL: SHOW COLUMNS FROM `ly_user` [ RunTime:0.006114s ]
SQL: SELECT * FROM `ly_app_login` WHERE ( 2 ) LIMIT 1   [ RunTime:0.005232s ]

[ 2016-06-18T16:45:21+08:00 ] 127.0.0.1 /lysskweb/App/index.php?s=/App/Init/getSessionId/device_id/2
INFO: [ app_init ] --START--
INFO: [ app_init ] --END-- [ RunTime:0.000175s ]
INFO: [ path_info ] --START--
INFO: [ path_info ] --END-- [ RunTime:0.000013s ]
INFO: [ app_begin ] --START--
INFO: Run Behavior\ReadHtmlCache [ RunTime:0.000024s ]
INFO: [ app_begin ] --END-- [ RunTime:0.000049s ]
INFO: [ action_begin ] --START--
INFO: [ action_begin ] --END-- [ RunTime:0.000038s ]
NOTIC: [8192] mysql_connect(): The mysql extension is deprecated and will be removed in the future: use mysqli or PDO instead /private/var/www/lysskweb/App/ThinkPHP/Library/Think/Db/Driver/Mysql.class.php 第 52 行.
SQL: SHOW COLUMNS FROM `ly_app_login` [ RunTime:0.009555s ]
SQL: SHOW COLUMNS FROM `ly_user` [ RunTime:0.010985s ]
SQL: SELECT * FROM `ly_app_login` WHERE ( 2 ) LIMIT 1   [ RunTime:0.022174s ]

[ 2016-06-18T16:45:54+08:00 ] 127.0.0.1 /lysskweb/App/index.php?s=/App/Init/getSessionId/device_id/2
INFO: [ app_init ] --START--
INFO: [ app_init ] --END-- [ RunTime:0.000200s ]
INFO: [ path_info ] --START--
INFO: [ path_info ] --END-- [ RunTime:0.000016s ]
INFO: [ app_begin ] --START--
INFO: Run Behavior\ReadHtmlCache [ RunTime:0.000027s ]
INFO: [ app_begin ] --END-- [ RunTime:0.000058s ]
INFO: [ action_begin ] --START--
INFO: [ action_begin ] --END-- [ RunTime:0.000014s ]
NOTIC: [8192] mysql_connect(): The mysql extension is deprecated and will be removed in the future: use mysqli or PDO instead /private/var/www/lysskweb/App/ThinkPHP/Library/Think/Db/Driver/Mysql.class.php 第 52 行.
SQL: SHOW COLUMNS FROM `ly_app_login` [ RunTime:0.006550s ]
SQL: SHOW COLUMNS FROM `ly_user` [ RunTime:0.040841s ]
SQL: SELECT * FROM `ly_app_login` WHERE ( 2 ) LIMIT 1   [ RunTime:0.010808s ]
SQL: INSERT INTO `ly_app_login` (`device_id`,`user_id`,`session_id`,`create_time`,`modify_time`) VALUES ('2',0,0,1466239554,1466239554) [ RunTime:0.022653s ]

[ 2016-06-18T16:46:09+08:00 ] 127.0.0.1 /lysskweb/App/index.php?s=/App/Init/getSessionId/device_id/2
INFO: [ app_init ] --START--
INFO: [ app_init ] --END-- [ RunTime:0.000159s ]
INFO: [ path_info ] --START--
INFO: [ path_info ] --END-- [ RunTime:0.000014s ]
INFO: [ app_begin ] --START--
INFO: Run Behavior\ReadHtmlCache [ RunTime:0.000021s ]
INFO: [ app_begin ] --END-- [ RunTime:0.000047s ]
INFO: [ action_begin ] --START--
INFO: [ action_begin ] --END-- [ RunTime:0.000014s ]
NOTIC: [8192] mysql_connect(): The mysql extension is deprecated and will be removed in the future: use mysqli or PDO instead /private/var/www/lysskweb/App/ThinkPHP/Library/Think/Db/Driver/Mysql.class.php 第 52 行.
SQL: SHOW COLUMNS FROM `ly_app_login` [ RunTime:0.010075s ]
SQL: SHOW COLUMNS FROM `ly_user` [ RunTime:0.006331s ]
SQL: SELECT * FROM `ly_app_login` WHERE ( 2 ) LIMIT 1   [ RunTime:0.007858s ]
SQL: INSERT INTO `ly_app_login` (`device_id`,`user_id`,`session_id`,`create_time`,`modify_time`) VALUES ('2',0,'c81e728d9d4c2f636f067f89cc14862c',1466239569,1466239569) [ RunTime:0.020659s ]

[ 2016-06-18T16:46:12+08:00 ] 127.0.0.1 /lysskweb/App/index.php?s=/App/Init/getSessionId/device_id/2
INFO: [ app_init ] --START--
INFO: [ app_init ] --END-- [ RunTime:0.000160s ]
INFO: [ path_info ] --START--
INFO: [ path_info ] --END-- [ RunTime:0.000014s ]
INFO: [ app_begin ] --START--
INFO: Run Behavior\ReadHtmlCache [ RunTime:0.000021s ]
INFO: [ app_begin ] --END-- [ RunTime:0.000046s ]
INFO: [ action_begin ] --START--
INFO: [ action_begin ] --END-- [ RunTime:0.000014s ]
NOTIC: [8192] mysql_connect(): The mysql extension is deprecated and will be removed in the future: use mysqli or PDO instead /private/var/www/lysskweb/App/ThinkPHP/Library/Think/Db/Driver/Mysql.class.php 第 52 行.
SQL: SHOW COLUMNS FROM `ly_app_login` [ RunTime:0.006769s ]
SQL: SHOW COLUMNS FROM `ly_user` [ RunTime:0.006113s ]
SQL: SELECT * FROM `ly_app_login` WHERE ( 2 ) LIMIT 1   [ RunTime:0.005847s ]
SQL: INSERT INTO `ly_app_login` (`device_id`,`user_id`,`session_id`,`create_time`,`modify_time`) VALUES ('2',0,'c81e728d9d4c2f636f067f89cc14862c',1466239572,1466239572) [ RunTime:0.018814s ]

[ 2016-06-18T16:46:49+08:00 ] 127.0.0.1 /lysskweb/App/index.php?s=/App/Init/getSessionId/device_id/2
INFO: [ app_init ] --START--
INFO: [ app_init ] --END-- [ RunTime:0.000289s ]
INFO: [ path_info ] --START--
INFO: [ path_info ] --END-- [ RunTime:0.000016s ]
INFO: [ app_begin ] --START--
INFO: Run Behavior\ReadHtmlCache [ RunTime:0.000025s ]
INFO: [ app_begin ] --END-- [ RunTime:0.000055s ]
INFO: [ action_begin ] --START--
INFO: [ action_begin ] --END-- [ RunTime:0.000017s ]
NOTIC: [8192] mysql_connect(): The mysql extension is deprecated and will be removed in the future: use mysqli or PDO instead /private/var/www/lysskweb/App/ThinkPHP/Library/Think/Db/Driver/Mysql.class.php 第 52 行.
SQL: SHOW COLUMNS FROM `ly_app_login` [ RunTime:0.005943s ]
SQL: SHOW COLUMNS FROM `ly_user` [ RunTime:0.006342s ]
SQL: SELECT * FROM `ly_app_login` WHERE ( 2 ) LIMIT 1   [ RunTime:0.029602s ]
SQL: INSERT INTO `ly_app_login` (`device_id`,`user_id`,`session_id`,`create_time`,`modify_time`) VALUES ('2',0,'c81e728d9d4c2f636f067f89cc14862c',1466239609,1466239609) [ RunTime:0.032803s ]

[ 2016-06-18T16:46:51+08:00 ] 127.0.0.1 /lysskweb/App/index.php?s=/App/Init/getSessionId/device_id/2
INFO: [ app_init ] --START--
INFO: [ app_init ] --END-- [ RunTime:0.000158s ]
INFO: [ path_info ] --START--
INFO: [ path_info ] --END-- [ RunTime:0.000013s ]
INFO: [ app_begin ] --START--
INFO: Run Behavior\ReadHtmlCache [ RunTime:0.000021s ]
INFO: [ app_begin ] --END-- [ RunTime:0.000046s ]
INFO: [ action_begin ] --START--
INFO: [ action_begin ] --END-- [ RunTime:0.000014s ]
NOTIC: [8192] mysql_connect(): The mysql extension is deprecated and will be removed in the future: use mysqli or PDO instead /private/var/www/lysskweb/App/ThinkPHP/Library/Think/Db/Driver/Mysql.class.php 第 52 行.
SQL: SHOW COLUMNS FROM `ly_app_login` [ RunTime:0.009157s ]
SQL: SHOW COLUMNS FROM `ly_user` [ RunTime:0.011276s ]
SQL: SELECT * FROM `ly_app_login` WHERE ( 2 ) LIMIT 1   [ RunTime:0.009432s ]
SQL: INSERT INTO `ly_app_login` (`device_id`,`user_id`,`session_id`,`create_time`,`modify_time`) VALUES ('2',0,'c81e728d9d4c2f636f067f89cc14862c',1466239611,1466239611) [ RunTime:0.021960s ]

[ 2016-06-18T16:47:04+08:00 ] 127.0.0.1 /lysskweb/App/index.php?s=/App/Init/getSessionId/device_id/2
INFO: [ app_init ] --START--
INFO: [ app_init ] --END-- [ RunTime:0.000162s ]
INFO: [ path_info ] --START--
INFO: [ path_info ] --END-- [ RunTime:0.000014s ]
INFO: [ app_begin ] --START--
INFO: Run Behavior\ReadHtmlCache [ RunTime:0.000022s ]
INFO: [ app_begin ] --END-- [ RunTime:0.000047s ]
INFO: [ action_begin ] --START--
INFO: [ action_begin ] --END-- [ RunTime:0.000014s ]
NOTIC: [8192] mysql_connect(): The mysql extension is deprecated and will be removed in the future: use mysqli or PDO instead /private/var/www/lysskweb/App/ThinkPHP/Library/Think/Db/Driver/Mysql.class.php 第 52 行.
SQL: SHOW COLUMNS FROM `ly_app_login` [ RunTime:0.007570s ]
SQL: SHOW COLUMNS FROM `ly_user` [ RunTime:0.007119s ]
SQL: SELECT * FROM `ly_app_login` WHERE ( 2 ) LIMIT 1   [ RunTime:0.008328s ]
SQL: INSERT INTO `ly_app_login` (`device_id`,`user_id`,`session_id`,`create_time`,`modify_time`) VALUES ('2',0,'c81e728d9d4c2f636f067f89cc14862c',1466239624,1466239624) [ RunTime:0.022795s ]

[ 2016-06-18T16:47:06+08:00 ] 127.0.0.1 /lysskweb/App/index.php?s=/App/Init/getSessionId/device_id/2
INFO: [ app_init ] --START--
INFO: [ app_init ] --END-- [ RunTime:0.000166s ]
INFO: [ path_info ] --START--
INFO: [ path_info ] --END-- [ RunTime:0.000014s ]
INFO: [ app_begin ] --START--
INFO: Run Behavior\ReadHtmlCache [ RunTime:0.000022s ]
INFO: [ app_begin ] --END-- [ RunTime:0.000048s ]
INFO: [ action_begin ] --START--
INFO: [ action_begin ] --END-- [ RunTime:0.000014s ]
NOTIC: [8192] mysql_connect(): The mysql extension is deprecated and will be removed in the future: use mysqli or PDO instead /private/var/www/lysskweb/App/ThinkPHP/Library/Think/Db/Driver/Mysql.class.php 第 52 行.
SQL: SHOW COLUMNS FROM `ly_app_login` [ RunTime:0.008331s ]
SQL: SHOW COLUMNS FROM `ly_user` [ RunTime:0.010106s ]
SQL: SELECT * FROM `ly_app_login` WHERE ( 2 ) LIMIT 1   [ RunTime:0.026554s ]
SQL: INSERT INTO `ly_app_login` (`device_id`,`user_id`,`session_id`,`create_time`,`modify_time`) VALUES ('2',0,'c81e728d9d4c2f636f067f89cc14862c',1466239626,1466239626) [ RunTime:0.021630s ]

[ 2016-06-18T16:47:23+08:00 ] 127.0.0.1 /lysskweb/App/index.php?s=/App/Init/getSessionId/device_id/2
INFO: [ app_init ] --START--
INFO: [ app_init ] --END-- [ RunTime:0.000160s ]
INFO: [ path_info ] --START--
INFO: [ path_info ] --END-- [ RunTime:0.000014s ]
INFO: [ app_begin ] --START--
INFO: Run Behavior\ReadHtmlCache [ RunTime:0.000021s ]
INFO: [ app_begin ] --END-- [ RunTime:0.000047s ]
INFO: [ action_begin ] --START--
INFO: [ action_begin ] --END-- [ RunTime:0.000014s ]
NOTIC: [8192] mysql_connect(): The mysql extension is deprecated and will be removed in the future: use mysqli or PDO instead /private/var/www/lysskweb/App/ThinkPHP/Library/Think/Db/Driver/Mysql.class.php 第 52 行.
SQL: SHOW COLUMNS FROM `ly_app_login` [ RunTime:0.007496s ]
SQL: SHOW COLUMNS FROM `ly_user` [ RunTime:0.006186s ]
SQL: SELECT * FROM `ly_app_login` WHERE ( `device_id` = '2' ) LIMIT 1   [ RunTime:0.013828s ]
SQL: INSERT INTO `ly_app_login` (`device_id`,`user_id`,`session_id`,`create_time`,`modify_time`) VALUES ('2',0,'c81e728d9d4c2f636f067f89cc14862c',1466239643,1466239643) [ RunTime:0.027105s ]

[ 2016-06-18T16:47:25+08:00 ] 127.0.0.1 /lysskweb/App/index.php?s=/App/Init/getSessionId/device_id/2
INFO: [ app_init ] --START--
INFO: [ app_init ] --END-- [ RunTime:0.000176s ]
INFO: [ path_info ] --START--
INFO: [ path_info ] --END-- [ RunTime:0.000014s ]
INFO: [ app_begin ] --START--
INFO: Run Behavior\ReadHtmlCache [ RunTime:0.000023s ]
INFO: [ app_begin ] --END-- [ RunTime:0.000052s ]
INFO: [ action_begin ] --START--
INFO: [ action_begin ] --END-- [ RunTime:0.000015s ]
NOTIC: [8192] mysql_connect(): The mysql extension is deprecated and will be removed in the future: use mysqli or PDO instead /private/var/www/lysskweb/App/ThinkPHP/Library/Think/Db/Driver/Mysql.class.php 第 52 行.
SQL: SHOW COLUMNS FROM `ly_app_login` [ RunTime:0.005937s ]
SQL: SHOW COLUMNS FROM `ly_user` [ RunTime:0.006228s ]
SQL: SELECT * FROM `ly_app_login` WHERE ( `device_id` = '2' ) LIMIT 1   [ RunTime:0.007314s ]
SQL: INSERT INTO `ly_app_login` (`device_id`,`user_id`,`session_id`,`create_time`,`modify_time`) VALUES ('2',0,'c81e728d9d4c2f636f067f89cc14862c',1466239645,1466239645) [ RunTime:0.017820s ]

[ 2016-06-18T16:47:42+08:00 ] 127.0.0.1 /lysskweb/App/index.php?s=/App/Init/getSessionId/device_id/2
INFO: [ app_init ] --START--
INFO: [ app_init ] --END-- [ RunTime:0.000262s ]
INFO: [ path_info ] --START--
INFO: [ path_info ] --END-- [ RunTime:0.000019s ]
INFO: [ app_begin ] --START--
INFO: Run Behavior\ReadHtmlCache [ RunTime:0.000033s ]
INFO: [ app_begin ] --END-- [ RunTime:0.000062s ]
INFO: [ action_begin ] --START--
INFO: [ action_begin ] --END-- [ RunTime:0.000016s ]
NOTIC: [8192] mysql_connect(): The mysql extension is deprecated and will be removed in the future: use mysqli or PDO instead /private/var/www/lysskweb/App/ThinkPHP/Library/Think/Db/Driver/Mysql.class.php 第 52 行.
SQL: SHOW COLUMNS FROM `ly_app_login` [ RunTime:0.007361s ]
SQL: SHOW COLUMNS FROM `ly_user` [ RunTime:0.008860s ]
SQL: SELECT * FROM `ly_app_login` WHERE ( `device_id` = '2' ) LIMIT 1   [ RunTime:0.010247s ]

[ 2016-06-18T16:50:08+08:00 ] 127.0.0.1 /lysskweb/App/index.php?s=/App/Init/getSessionId/device_id/2
INFO: [ app_init ] --START--
INFO: [ app_init ] --END-- [ RunTime:0.000165s ]
INFO: [ path_info ] --START--
INFO: [ path_info ] --END-- [ RunTime:0.000013s ]
INFO: [ app_begin ] --START--
INFO: Run Behavior\ReadHtmlCache [ RunTime:0.000021s ]
INFO: [ app_begin ] --END-- [ RunTime:0.000048s ]
INFO: [ action_begin ] --START--
INFO: [ action_begin ] --END-- [ RunTime:0.000016s ]
NOTIC: [8192] mysql_connect(): The mysql extension is deprecated and will be removed in the future: use mysqli or PDO instead /private/var/www/lysskweb/App/ThinkPHP/Library/Think/Db/Driver/Mysql.class.php 第 52 行.
SQL: SHOW COLUMNS FROM `ly_app_login` [ RunTime:0.005927s ]
SQL: SHOW COLUMNS FROM `ly_user` [ RunTime:0.010271s ]
SQL: SELECT * FROM `ly_app_login` WHERE ( `device_id` = '2' ) LIMIT 1   [ RunTime:0.009085s ]
SQL: INSERT INTO `ly_app_login` (`device_id`,`user_id`,`session_id`,`create_time`,`modify_time`) VALUES ('2',0,'c81e728d9d4c2f636f067f89cc14862c',1466239808,1466239808) [ RunTime:0.022833s ]

[ 2016-06-18T16:50:15+08:00 ] 127.0.0.1 /lysskweb/App/index.php?s=/App/Init/getSessionId/device_id/2
INFO: [ app_init ] --START--
INFO: [ app_init ] --END-- [ RunTime:0.000196s ]
INFO: [ path_info ] --START--
INFO: [ path_info ] --END-- [ RunTime:0.000016s ]
INFO: [ app_begin ] --START--
INFO: Run Behavior\ReadHtmlCache [ RunTime:0.000026s ]
INFO: [ app_begin ] --END-- [ RunTime:0.000054s ]
INFO: [ action_begin ] --START--
INFO: [ action_begin ] --END-- [ RunTime:0.000017s ]
NOTIC: [8192] mysql_connect(): The mysql extension is deprecated and will be removed in the future: use mysqli or PDO instead /private/var/www/lysskweb/App/ThinkPHP/Library/Think/Db/Driver/Mysql.class.php 第 52 行.
SQL: SHOW COLUMNS FROM `ly_app_login` [ RunTime:0.006088s ]
SQL: SHOW COLUMNS FROM `ly_user` [ RunTime:0.006122s ]
SQL: SELECT * FROM `ly_app_login` WHERE ( `device_id` = '2' ) LIMIT 1   [ RunTime:0.006593s ]
SQL: INSERT INTO `ly_app_login` (`device_id`,`user_id`,`session_id`,`create_time`,`modify_time`) VALUES ('2',0,'c81e728d9d4c2f636f067f89cc14862c',1466239815,1466239815) [ RunTime:0.020909s ]

[ 2016-06-18T16:53:42+08:00 ] 127.0.0.1 /lysskweb/App/index.php?s=/App/Init/getSessionId/device_id/2
INFO: [ app_init ] --START--
INFO: [ app_init ] --END-- [ RunTime:0.000160s ]
INFO: [ path_info ] --START--
INFO: [ path_info ] --END-- [ RunTime:0.000013s ]
INFO: [ app_begin ] --START--
INFO: Run Behavior\ReadHtmlCache [ RunTime:0.000021s ]
INFO: [ app_begin ] --END-- [ RunTime:0.000046s ]
INFO: [ action_begin ] --START--
INFO: [ action_begin ] --END-- [ RunTime:0.000014s ]
NOTIC: [8192] mysql_connect(): The mysql extension is deprecated and will be removed in the future: use mysqli or PDO instead /private/var/www/lysskweb/App/ThinkPHP/Library/Think/Db/Driver/Mysql.class.php 第 52 行.
SQL: SHOW COLUMNS FROM `ly_app_login` [ RunTime:0.010989s ]
SQL: SHOW COLUMNS FROM `ly_user` [ RunTime:0.005811s ]
SQL: SELECT * FROM `ly_app_login` WHERE ( `device_id` = '2' ) LIMIT 1   [ RunTime:0.005782s ]

[ 2016-06-18T16:54:11+08:00 ] 127.0.0.1 /lysskweb/App/index.php?s=/App/Init/getSessionId/device_id/2
INFO: [ app_init ] --START--
INFO: [ app_init ] --END-- [ RunTime:0.000209s ]
INFO: [ path_info ] --START--
INFO: [ path_info ] --END-- [ RunTime:0.000016s ]
INFO: [ app_begin ] --START--
INFO: Run Behavior\ReadHtmlCache [ RunTime:0.000027s ]
INFO: [ app_begin ] --END-- [ RunTime:0.000059s ]
INFO: [ action_begin ] --START--
INFO: [ action_begin ] --END-- [ RunTime:0.000014s ]
NOTIC: [8192] mysql_connect(): The mysql extension is deprecated and will be removed in the future: use mysqli or PDO instead /private/var/www/lysskweb/App/ThinkPHP/Library/Think/Db/Driver/Mysql.class.php 第 52 行.
SQL: SHOW COLUMNS FROM `ly_app_login` [ RunTime:0.005763s ]
SQL: SHOW COLUMNS FROM `ly_user` [ RunTime:0.007523s ]
SQL: SELECT * FROM `ly_app_login` WHERE ( `device_id` = '2' ) LIMIT 1   [ RunTime:0.005642s ]
SQL: INSERT INTO `ly_app_login` (`device_id`,`user_id`,`session_id`,`create_time`,`modify_time`) VALUES ('2',0,'c81e728d9d4c2f636f067f89cc14862c',1466240051,1466240051) [ RunTime:0.027757s ]

[ 2016-06-18T16:54:17+08:00 ] 127.0.0.1 /lysskweb/App/index.php?s=/App/Init/getSessionId/device_id/2
INFO: [ app_init ] --START--
INFO: [ app_init ] --END-- [ RunTime:0.000164s ]
INFO: [ path_info ] --START--
INFO: [ path_info ] --END-- [ RunTime:0.000013s ]
INFO: [ app_begin ] --START--
INFO: Run Behavior\ReadHtmlCache [ RunTime:0.000021s ]
INFO: [ app_begin ] --END-- [ RunTime:0.000048s ]
INFO: [ action_begin ] --START--
INFO: [ action_begin ] --END-- [ RunTime:0.000015s ]
NOTIC: [8192] mysql_connect(): The mysql extension is deprecated and will be removed in the future: use mysqli or PDO instead /private/var/www/lysskweb/App/ThinkPHP/Library/Think/Db/Driver/Mysql.class.php 第 52 行.
SQL: SHOW COLUMNS FROM `ly_app_login` [ RunTime:0.006319s ]
SQL: SHOW COLUMNS FROM `ly_user` [ RunTime:0.009461s ]
SQL: SELECT * FROM `ly_app_login` WHERE ( `device_id` = '2' ) LIMIT 1   [ RunTime:0.016493s ]

